D:\Stash\Work\Projects\Restaurant Menu Organiser\wwwroot\Angular Client\DynamicDisplay\dist\out-tsc\DynamicData\IDynamicData.component.js
D:\Stash\Work\Projects\Restaurant Menu Organiser\wwwroot\Angular Client\DynamicDisplay\dist\out-tsc\DynamicData\IDynamicData.component.js.map
D:\Stash\Work\Projects\Restaurant Menu Organiser\wwwroot\Angular Client\DynamicDisplay\dist\out-tsc\DynamicData\DynamicDataRetrieval.service.js
D:\Stash\Work\Projects\Restaurant Menu Organiser\wwwroot\Angular Client\DynamicDisplay\dist\out-tsc\DynamicData\DynamicDataRetrieval.service.js.map
D:\Stash\Work\Projects\Restaurant Menu Organiser\wwwroot\Angular Client\DynamicDisplay\dist\out-tsc\DynamicData\DyanamicData.component.js
D:\Stash\Work\Projects\Restaurant Menu Organiser\wwwroot\Angular Client\DynamicDisplay\dist\out-tsc\DynamicData\DyanamicData.component.js.map
D:\Stash\Work\Projects\Restaurant Menu Organiser\wwwroot\Angular Client\DynamicDisplay\dist\out-tsc\app\app-routing.module.js
D:\Stash\Work\Projects\Restaurant Menu Organiser\wwwroot\Angular Client\DynamicDisplay\dist\out-tsc\app\app-routing.module.js.map
D:\Stash\Work\Projects\Restaurant Menu Organiser\wwwroot\Angular Client\DynamicDisplay\dist\out-tsc\app\app.component.js
D:\Stash\Work\Projects\Restaurant Menu Organiser\wwwroot\Angular Client\DynamicDisplay\dist\out-tsc\app\app.component.js.map
D:\Stash\Work\Projects\Restaurant Menu Organiser\wwwroot\Angular Client\DynamicDisplay\dist\out-tsc\app\items-displaycomponent.component.js
D:\Stash\Work\Projects\Restaurant Menu Organiser\wwwroot\Angular Client\DynamicDisplay\dist\out-tsc\app\items-displaycomponent.component.js.map
D:\Stash\Work\Projects\Restaurant Menu Organiser\wwwroot\Angular Client\DynamicDisplay\dist\out-tsc\app\app.module.js
D:\Stash\Work\Projects\Restaurant Menu Organiser\wwwroot\Angular Client\DynamicDisplay\dist\out-tsc\app\app.module.js.map
D:\Stash\Work\Projects\Restaurant Menu Organiser\wwwroot\Angular Client\DynamicDisplay\dist\out-tsc\environments\environment.js
D:\Stash\Work\Projects\Restaurant Menu Organiser\wwwroot\Angular Client\DynamicDisplay\dist\out-tsc\environments\environment.js.map
D:\Stash\Work\Projects\Restaurant Menu Organiser\wwwroot\Angular Client\DynamicDisplay\dist\out-tsc\main.js
D:\Stash\Work\Projects\Restaurant Menu Organiser\wwwroot\Angular Client\DynamicDisplay\dist\out-tsc\main.js.map
D:\Stash\Work\Projects\Restaurant Menu Organiser\wwwroot\Angular Client\DynamicDisplay\dist\out-tsc\polyfills.js
D:\Stash\Work\Projects\Restaurant Menu Organiser\wwwroot\Angular Client\DynamicDisplay\dist\out-tsc\polyfills.js.map
D:\Stash\Work\Projects\Restaurant Menu Organiser\wwwroot\Angular Client\DynamicDisplay\dist\out-tsc\test.js
D:\Stash\Work\Projects\Restaurant Menu Organiser\wwwroot\Angular Client\DynamicDisplay\dist\out-tsc\test.js.map
D:\Stash\Work\Projects\Restaurant Menu Organiser\wwwroot\Angular Client\DynamicDisplay\dist\out-tsc\app\app.component.spec.js
D:\Stash\Work\Projects\Restaurant Menu Organiser\wwwroot\Angular Client\DynamicDisplay\dist\out-tsc\app\app.component.spec.js.map
D:\Stash\Work\Projects\Restaurant Menu Organiser\wwwroot\Angular Client\DynamicDisplay\dist\out-tsc\environments\environment.prod.js
D:\Stash\Work\Projects\Restaurant Menu Organiser\wwwroot\Angular Client\DynamicDisplay\dist\out-tsc\environments\environment.prod.js.map
