C:\Stash\Work\Projects\Restaurant Menu Organiser\wwwroot\Angular Client\DynamicDisplay\dist\out-tsc\DynamicData\IDynamicData.component.js
C:\Stash\Work\Projects\Restaurant Menu Organiser\wwwroot\Angular Client\DynamicDisplay\dist\out-tsc\DynamicData\IDynamicData.component.js.map
C:\Stash\Work\Projects\Restaurant Menu Organiser\wwwroot\Angular Client\DynamicDisplay\dist\out-tsc\DynamicData\DynamicDataRetrieval.service.js
C:\Stash\Work\Projects\Restaurant Menu Organiser\wwwroot\Angular Client\DynamicDisplay\dist\out-tsc\DynamicData\DynamicDataRetrieval.service.js.map
C:\Stash\Work\Projects\Restaurant Menu Organiser\wwwroot\Angular Client\DynamicDisplay\dist\out-tsc\assets\IinjectablePageData.component.js
C:\Stash\Work\Projects\Restaurant Menu Organiser\wwwroot\Angular Client\DynamicDisplay\dist\out-tsc\assets\IinjectablePageData.component.js.map
C:\Stash\Work\Projects\Restaurant Menu Organiser\wwwroot\Angular Client\DynamicDisplay\dist\out-tsc\DynamicData\CustomSettingsPreferences.service.js
C:\Stash\Work\Projects\Restaurant Menu Organiser\wwwroot\Angular Client\DynamicDisplay\dist\out-tsc\DynamicData\CustomSettingsPreferences.service.js.map
C:\Stash\Work\Projects\Restaurant Menu Organiser\wwwroot\Angular Client\DynamicDisplay\dist\out-tsc\DynamicData\DyanamicData.component.js
C:\Stash\Work\Projects\Restaurant Menu Organiser\wwwroot\Angular Client\DynamicDisplay\dist\out-tsc\DynamicData\DyanamicData.component.js.map
C:\Stash\Work\Projects\Restaurant Menu Organiser\wwwroot\Angular Client\DynamicDisplay\dist\out-tsc\app\app-routing.module.js
C:\Stash\Work\Projects\Restaurant Menu Organiser\wwwroot\Angular Client\DynamicDisplay\dist\out-tsc\app\app-routing.module.js.map
C:\Stash\Work\Projects\Restaurant Menu Organiser\wwwroot\Angular Client\DynamicDisplay\dist\out-tsc\app\app.component.js
C:\Stash\Work\Projects\Restaurant Menu Organiser\wwwroot\Angular Client\DynamicDisplay\dist\out-tsc\app\app.component.js.map
C:\Stash\Work\Projects\Restaurant Menu Organiser\wwwroot\Angular Client\DynamicDisplay\dist\out-tsc\app\items-displaycomponent.component.js
C:\Stash\Work\Projects\Restaurant Menu Organiser\wwwroot\Angular Client\DynamicDisplay\dist\out-tsc\app\items-displaycomponent.component.js.map
C:\Stash\Work\Projects\Restaurant Menu Organiser\wwwroot\Angular Client\DynamicDisplay\dist\out-tsc\searchFilter.pipe.js
C:\Stash\Work\Projects\Restaurant Menu Organiser\wwwroot\Angular Client\DynamicDisplay\dist\out-tsc\searchFilter.pipe.js.map
C:\Stash\Work\Projects\Restaurant Menu Organiser\wwwroot\Angular Client\DynamicDisplay\dist\out-tsc\app\app.module.js
C:\Stash\Work\Projects\Restaurant Menu Organiser\wwwroot\Angular Client\DynamicDisplay\dist\out-tsc\app\app.module.js.map
C:\Stash\Work\Projects\Restaurant Menu Organiser\wwwroot\Angular Client\DynamicDisplay\dist\out-tsc\environments\environment.js
C:\Stash\Work\Projects\Restaurant Menu Organiser\wwwroot\Angular Client\DynamicDisplay\dist\out-tsc\environments\environment.js.map
C:\Stash\Work\Projects\Restaurant Menu Organiser\wwwroot\Angular Client\DynamicDisplay\dist\out-tsc\main.js
C:\Stash\Work\Projects\Restaurant Menu Organiser\wwwroot\Angular Client\DynamicDisplay\dist\out-tsc\main.js.map
C:\Stash\Work\Projects\Restaurant Menu Organiser\wwwroot\Angular Client\DynamicDisplay\dist\out-tsc\polyfills.js
C:\Stash\Work\Projects\Restaurant Menu Organiser\wwwroot\Angular Client\DynamicDisplay\dist\out-tsc\polyfills.js.map
C:\Stash\Work\Projects\Restaurant Menu Organiser\wwwroot\Angular Client\DynamicDisplay\dist\out-tsc\test.js
C:\Stash\Work\Projects\Restaurant Menu Organiser\wwwroot\Angular Client\DynamicDisplay\dist\out-tsc\test.js.map
C:\Stash\Work\Projects\Restaurant Menu Organiser\wwwroot\Angular Client\DynamicDisplay\dist\out-tsc\app\app.component.spec.js
C:\Stash\Work\Projects\Restaurant Menu Organiser\wwwroot\Angular Client\DynamicDisplay\dist\out-tsc\app\app.component.spec.js.map
C:\Stash\Work\Projects\Restaurant Menu Organiser\wwwroot\Angular Client\DynamicDisplay\dist\out-tsc\environments\environment.prod.js
C:\Stash\Work\Projects\Restaurant Menu Organiser\wwwroot\Angular Client\DynamicDisplay\dist\out-tsc\environments\environment.prod.js.map
